ollyster> 2016/02/02 22:14:49 [LOG] LogRotation engine started
ollyster> 2016/02/02 22:14:49 Starting http server on port 8181...
ollyster> 2016/02/02 22:15:02 Hello, "/"
ollyster> 2016/02/02 22:15:02 DocumentRoot:  /home/loweel/Documents/Sync/codice/ollyster
ollyster> 2016/02/02 22:15:02 Serving:  /static/
ollyster> 2016/02/02 22:15:05 DocumentRoot:  /home/loweel/Documents/Sync/codice/ollyster
ollyster> 2016/02/02 22:15:05 Serving:  /static/css/bootstrap.css
ollyster> 2016/02/02 22:15:05 DocumentRoot:  /home/loweel/Documents/Sync/codice/ollyster
ollyster> 2016/02/02 22:15:05 Serving:  /static/css/font-awesome.css
ollyster> 2016/02/02 22:15:05 DocumentRoot:  /home/loweel/Documents/Sync/codice/ollyster
ollyster> 2016/02/02 22:15:05 Serving:  /static/css/custom.css
ollyster> 2016/02/02 22:15:05 DocumentRoot:  /home/loweel/Documents/Sync/codice/ollyster
ollyster> 2016/02/02 22:15:05 Serving:  /static/js/bootstrap.js
ollyster> 2016/02/02 22:15:05 DocumentRoot:  /home/loweel/Documents/Sync/codice/ollyster
ollyster> 2016/02/02 22:15:05 Serving:  /static/js/jquery.js
ollyster> 2016/02/02 22:15:08 Hello, "/favicon.ico"
ollyster> 2016/02/02 22:15:29 DocumentRoot:  /home/loweel/Documents/Sync/codice/ollyster
ollyster> 2016/02/02 22:15:29 Serving:  /static/
ollyster> 2016/02/02 22:15:29 DocumentRoot:  /home/loweel/Documents/Sync/codice/ollyster
ollyster> 2016/02/02 22:15:29 Serving:  /static/css/bootstrap.css
ollyster> 2016/02/02 22:15:29 DocumentRoot:  /home/loweel/Documents/Sync/codice/ollyster
ollyster> 2016/02/02 22:15:29 Serving:  /static/css/font-awesome.css
ollyster> 2016/02/02 22:15:29 DocumentRoot:  /home/loweel/Documents/Sync/codice/ollyster
ollyster> 2016/02/02 22:15:29 Serving:  /static/css/custom.css
ollyster> 2016/02/02 22:15:29 DocumentRoot:  /home/loweel/Documents/Sync/codice/ollyster
ollyster> 2016/02/02 22:15:29 Serving:  /static/js/jquery.js
ollyster> 2016/02/02 22:15:29 DocumentRoot:  /home/loweel/Documents/Sync/codice/ollyster
ollyster> 2016/02/02 22:15:29 Serving:  /static/js/bootstrap.js
ollyster> 2016/02/02 22:15:30 Hello, "/favicon.ico"
ollyster> 2016/02/02 22:15:30 DocumentRoot:  /home/loweel/Documents/Sync/codice/ollyster
ollyster> 2016/02/02 22:15:30 Serving:  /static/
ollyster> 2016/02/02 22:15:45 DocumentRoot:  /home/loweel/Documents/Sync/codice/ollyster
ollyster> 2016/02/02 22:15:45 Serving:  /network/
ollyster> 2016/02/02 22:15:49 Hello, "/login"
